$ storybook build --output-dir C:\Users\yanin\AppData\Local\Temp\chromatic--9780-5k7DT7XiEOGM
@storybook/cli v8.0.5

info => Cleaning outputDir: ..\..\Users\yanin\AppData\Local\Temp\chromatic--9780-5k7DT7XiEOGM
info => Loading presets
info => Building manager..
info => Manager built (1.67 s)
info => Building preview..
info => Copying static files: public at ..\..\Users\yanin\AppData\Local\Temp\chromatic--9780-5k7DT7XiEOGM
[36mvite v4.5.1 [32mbuilding for production...[36m[39m
transforming...
[32m✓[39m 567 modules transformed.
rendering chunks...
computing gzip size...
[2m../../Users/yanin/AppData/Local/Temp/chromatic--9780-5k7DT7XiEOGM/[22m[32miframe.html                                    [39m[1m[2m 12.97 kB[22m[1m[22m[2m │ gzip:   3.62 kB[22m
[2m../../Users/yanin/AppData/Local/Temp/chromatic--9780-5k7DT7XiEOGM/[22m[32massets/percolate-dac75269.ttf                  [39m[1m[2m 34.04 kB[22m[1m[22m
[2m../../Users/yanin/AppData/Local/Temp/chromatic--9780-5k7DT7XiEOGM/[22m[32massets/percolate-ec979d96.woff                 [39m[1m[2m 34.11 kB[22m[1m[22m
[2m../../Users/yanin/AppData/Local/Temp/chromatic--9780-5k7DT7XiEOGM/[22m[32massets/percolate-5ed633c2.eot                  [39m[1m[2m 34.21 kB[22m[1m[22m
[2m../../Users/yanin/AppData/Local/Temp/chromatic--9780-5k7DT7XiEOGM/[22m[32massets/percolate-d13fa91b.svg                  [39m[1m[2m140.51 kB[22m[1m[22m[2m │ gzip:  46.93 kB[22m
[2m../../Users/yanin/AppData/Local/Temp/chromatic--9780-5k7DT7XiEOGM/[22m[35massets/preview-ba418cd0.css                    [39m[1m[2m  7.37 kB[22m[1m[22m[2m │ gzip:   2.19 kB[22m
[2m../../Users/yanin/AppData/Local/Temp/chromatic--9780-5k7DT7XiEOGM/[22m[36massets/preview-73c648b3.js                     [39m[1m[2m  0.07 kB[22m[1m[22m[2m │ gzip:   0.08 kB[22m
[2m../../Users/yanin/AppData/Local/Temp/chromatic--9780-5k7DT7XiEOGM/[22m[36massets/preview-900ba72d.js                     [39m[1m[2m  0.15 kB[22m[1m[22m[2m │ gzip:   0.15 kB[22m
[2m../../Users/yanin/AppData/Local/Temp/chromatic--9780-5k7DT7XiEOGM/[22m[36massets/WithTooltip-Y7J54OF7-586926de.js        [39m[1m[2m  0.39 kB[22m[1m[22m[2m │ gzip:   0.25 kB[22m
[2m../../Users/yanin/AppData/Local/Temp/chromatic--9780-5k7DT7XiEOGM/[22m[36massets/syntaxhighlighter-JOJW2KGS-9a496474.js  [39m[1m[2m  0.43 kB[22m[1m[22m[2m │ gzip:   0.29 kB[22m
[2m../../Users/yanin/AppData/Local/Temp/chromatic--9780-5k7DT7XiEOGM/[22m[36massets/index-b0b08db2.js                       [39m[1m[2m  0.46 kB[22m[1m[22m[2m │ gzip:   0.30 kB[22m
[2m../../Users/yanin/AppData/Local/Temp/chromatic--9780-5k7DT7XiEOGM/[22m[36massets/preview-73104b77.js                     [39m[1m[2m  0.64 kB[22m[1m[22m[2m │ gzip:   0.45 kB[22m
[2m../../Users/yanin/AppData/Local/Temp/chromatic--9780-5k7DT7XiEOGM/[22m[36massets/_commonjsHelpers-de833af9.js            [39m[1m[2m  0.69 kB[22m[1m[22m[2m │ gzip:   0.38 kB[22m
[2m../../Users/yanin/AppData/Local/Temp/chromatic--9780-5k7DT7XiEOGM/[22m[36massets/preview-7e858ecc.js                     [39m[1m[2m  0.75 kB[22m[1m[22m[2m │ gzip:   0.50 kB[22m
[2m../../Users/yanin/AppData/Local/Temp/chromatic--9780-5k7DT7XiEOGM/[22m[36massets/index-356e4a49.js                       [39m[1m[2m  0.77 kB[22m[1m[22m[2m │ gzip:   0.47 kB[22m
[2m../../Users/yanin/AppData/Local/Temp/chromatic--9780-5k7DT7XiEOGM/[22m[36massets/index-8d47fad6.js                       [39m[1m[2m  0.80 kB[22m[1m[22m[2m │ gzip:   0.52 kB[22m
[2m../../Users/yanin/AppData/Local/Temp/chromatic--9780-5k7DT7XiEOGM/[22m[36massets/preview-0ef86afd.js                     [39m[1m[2m  0.86 kB[22m[1m[22m[2m │ gzip:   0.55 kB[22m
[2m../../Users/yanin/AppData/Local/Temp/chromatic--9780-5k7DT7XiEOGM/[22m[36massets/preview-47dc313f.js                     [39m[1m[2m  0.91 kB[22m[1m[22m[2m │ gzip:   0.62 kB[22m
[2m../../Users/yanin/AppData/Local/Temp/chromatic--9780-5k7DT7XiEOGM/[22m[36massets/entry-preview-96f6b238.js               [39m[1m[2m  1.28 kB[22m[1m[22m[2m │ gzip:   0.74 kB[22m
[2m../../Users/yanin/AppData/Local/Temp/chromatic--9780-5k7DT7XiEOGM/[22m[36massets/index-11d98b33.js                       [39m[1m[2m  2.59 kB[22m[1m[22m[2m │ gzip:   1.26 kB[22m
[2m../../Users/yanin/AppData/Local/Temp/chromatic--9780-5k7DT7XiEOGM/[22m[36massets/preview-98b085a7.js                     [39m[1m[2m  3.19 kB[22m[1m[22m[2m │ gzip:   1.37 kB[22m
[2m../../Users/yanin/AppData/Local/Temp/chromatic--9780-5k7DT7XiEOGM/[22m[36massets/preview-76c1789d.js                     [39m[1m[2m  3.52 kB[22m[1m[22m[2m │ gzip:   1.71 kB[22m
[2m../../Users/yanin/AppData/Local/Temp/chromatic--9780-5k7DT7XiEOGM/[22m[36massets/iframe-f44d9cbb.js                      [39m[1m[2m  3.68 kB[22m[1m[22m[2m │ gzip:   1.48 kB[22m
[2m../../Users/yanin/AppData/Local/Temp/chromatic--9780-5k7DT7XiEOGM/[22m[36massets/Task.stories-33108fda.js                [39m[1m[2m  6.48 kB[22m[1m[22m[2m │ gzip:   2.19 kB[22m
[2m../../Users/yanin/AppData/Local/Temp/chromatic--9780-5k7DT7XiEOGM/[22m[36massets/index-76fb7be0.js                       [39m[1m[2m  7.16 kB[22m[1m[22m[2m │ gzip:   2.91 kB[22m
[2m../../Users/yanin/AppData/Local/Temp/chromatic--9780-5k7DT7XiEOGM/[22m[36massets/preview-da31036b.js                     [39m[1m[2m  7.62 kB[22m[1m[22m[2m │ gzip:   1.55 kB[22m
[2m../../Users/yanin/AppData/Local/Temp/chromatic--9780-5k7DT7XiEOGM/[22m[36massets/preview-c56bf6ac.js                     [39m[1m[2m  8.28 kB[22m[1m[22m[2m │ gzip:   3.17 kB[22m
[2m../../Users/yanin/AppData/Local/Temp/chromatic--9780-5k7DT7XiEOGM/[22m[36massets/Color-RQJUDNI5-56a793fc.js              [39m[1m[2m 30.99 kB[22m[1m[22m[2m │ gzip:  11.73 kB[22m
[2m../../Users/yanin/AppData/Local/Temp/chromatic--9780-5k7DT7XiEOGM/[22m[36massets/_getPrototype-2d56c353.js               [39m[1m[2m 78.77 kB[22m[1m[22m[2m │ gzip:  23.61 kB[22m
[2m../../Users/yanin/AppData/Local/Temp/chromatic--9780-5k7DT7XiEOGM/[22m[36massets/react-18-236157c6.js                    [39m[1m[2m134.55 kB[22m[1m[22m[2m │ gzip:  43.45 kB[22m
[2m../../Users/yanin/AppData/Local/Temp/chromatic--9780-5k7DT7XiEOGM/[22m[36massets/formatter-B5HCVTEV-e1774e1f.js          [39m[1m[2m210.80 kB[22m[1m[22m[2m │ gzip:  70.69 kB[22m
[2m../../Users/yanin/AppData/Local/Temp/chromatic--9780-5k7DT7XiEOGM/[22m[36massets/entry-preview-docs-0ceecc7a.js          [39m[1m[2m212.81 kB[22m[1m[22m[2m │ gzip:  66.61 kB[22m
[2m../../Users/yanin/AppData/Local/Temp/chromatic--9780-5k7DT7XiEOGM/[22m[36massets/axe-3e344d98.js                         [39m[1m[33m575.65 kB[39m[22m[2m │ gzip: 159.30 kB[22m
[2m../../Users/yanin/AppData/Local/Temp/chromatic--9780-5k7DT7XiEOGM/[22m[36massets/preview-2e045262.js                     [39m[1m[33m583.21 kB[39m[22m[2m │ gzip: 155.35 kB[22m
[2m../../Users/yanin/AppData/Local/Temp/chromatic--9780-5k7DT7XiEOGM/[22m[36massets/DocsRenderer-K4EAMTCU-4e881ce1.js       [39m[1m[33m584.78 kB[39m[22m[2m │ gzip: 176.90 kB[22m
[32m✓ built in 21.75s[39m
info => Preview built (32 s)
info => Output directory: C:\Users\yanin\AppData\Local\Temp\chromatic--9780-5k7DT7XiEOGM
